    },
    "Layer": "DailyScheduler"
}}
{"Data": {
    "Type": "Information",
    "Creation": {
        "Epoch": 1464709728500,
        "Date": "2016-05-31T07:48:21.5007982+03:00"
    },
    "Process": {
        "Start": {
            "Epoch": 1464709722277,
            "Date": "2016-05-31T12:07:42.2771759+03:00"
        },
        "Id": 185232,
        "Name": "scheduler.exe"
    },
    "Method": {
        "Type": "Services",
        "Assembly": "ServiceRepository, Version=1.0.0.1, Culture=neutral,\n            PublicKeyToken=null",
        "Name": "Order"
    },
    "Layer": "DailyScheduler"
}}
{"Data": {
    "Type": "Information",
    "Creation": {
        "Epoch": 1464709728500,
        "Date": "2016-05-31T07:48:21.5007982+03:00"
    },
    "Process": {
        "Start": {
            "Epoch": 1464709722277,
            "Date": "2016-05-31T12:07:42.2771759+03:00"
        },
        "Id": 185232,
        "Name": "scheduler.exe"
    },
    "Method": {
        "Type": "Services",
        "Assembly": "ServiceRepository, Version=1.0.0.1, Culture=neutral,\n            PublicKeyToken=null",
        "Name": "Order"
    },
    "Layer": "DailyScheduler"
}}
{"Data": {
    "Type": "Information",
    "Creation": {
        "Epoch": 1464709728500,
        "Date": "2016-05-31T07:48:21.5007982+03:00"
    },
    "Process": {
        "Start": {
            "Epoch": 1464709722277,
            "Date": "2016-05-31T12:07:42.2771759+03:00"
        },
        "Id": 185232,
        "Name": "scheduler.exe"
    },
    "Method": {
        "Type": "Services",
        "Assembly": "ServiceRepository, Version=1.0.0.1, Culture=neutral,\n            PublicKeyToken=null",
        "Name": "Order"
    },
    "Layer": "DailyScheduler"
}}
{"Data": {
    "Type": "Information",
    "Creation": {
        "Epoch": 1464709728500,
        "Date": "2016-05-31T07:48:21.5007982+03:00"
    },
    "Process": {
        "Start": {
            "Epoch": 1464709722277,
            "Date": "2016-05-31T12:07:42.2771759+03:00"
        },
        "Id": 185232,
        "Name": "scheduler.exe"
    },
    "Method": {
        "Type": "Services",
        "Assembly": "ServiceRepository, Version=1.0.0.1, Culture=neutral,\n            PublicKeyToken=null",
        "Name": "Order"
    },
    "Layer": "DailyScheduler"
}}
{"Data": {
    "Type": "Information",
    "Creation": {
        "Epoch": 1464709728500,
        "Date": "2016-05-31T07:48:21.5007982+03:00"
    },
    "Process": {
        "Start": {
            "Epoch": 1464709722277,
            "Date": "2016-05-31T12:07:42.2771759+03:00"
        },
        "Id": 185232,
        "Name": "scheduler.exe"
